{
  "stats": {
    "suites": 1,
    "tests": 1,
    "passes": 0,
    "pending": 0,
    "failures": 1,
    "start": "2025-05-12T05:20:14.523Z",
    "end": "2025-05-12T05:20:27.019Z",
    "duration": 12496,
    "testsRegistered": 1,
    "passPercent": 0,
    "pendingPercent": 0,
    "other": 0,
    "hasOther": false,
    "skipped": 0,
    "hasSkipped": false
  },
  "results": [
    {
      "uuid": "f403c748-4deb-4071-8536-3c095ea178c0",
      "title": "",
      "fullFile": "cypress\\e2e\\1-OrangeHRMSuite\\orangeHRMe2e.cy.js",
      "file": "cypress\\e2e\\1-OrangeHRMSuite\\orangeHRMe2e.cy.js",
      "beforeHooks": [],
      "afterHooks": [],
      "tests": [],
      "suites": [
        {
          "uuid": "c383b307-1b0e-45f0-860d-289c9fca0082",
          "title": "Add New Employee",
          "fullFile": "",
          "file": "",
          "beforeHooks": [],
          "afterHooks": [],
          "tests": [
            {
              "title": "Soal ke 1 - Positive Case - Login and Add New Employee",
              "fullTitle": "Add New Employee Soal ke 1 - Positive Case - Login and Add New Employee",
              "timedOut": null,
              "duration": 12458,
              "state": "failed",
              "speed": null,
              "pass": false,
              "fail": true,
              "pending": false,
              "context": null,
              "code": "cy.get(':nth-child(2) > .oxd-main-menu-item').click();\ncy.url().should('include', '/web/index.php/pim/viewEmployeeList');\ncy.wait(1000);\n// Click (+Add) button\ncy.xpath(\"//button[normalize-space()='Add']\").click();\ncy.url().should('include', '/web/index.php/pim/addEmployee');\n// Upload file\ncy.xpath(\"//input[@type='file']\").should('exist')\n//.selectFile(\"C:\\\\Users\\\\Reza Paramarta\\\\photo.jpg\", { force: true });\n.selectFile(\"fixtures/photo.jpg\", {\n  force: true\n});\n// Verify file upload\ncy.xpath(\"//input[@type='file']\").invoke('val').should('include', 'photo.jpg');\n// Input data\ncy.xpath(\"//input[@placeholder='First Name']\").type(\"Reza\");\ncy.xpath(\"//input[@placeholder='Middle Name']\").clear();\ncy.xpath(\"//input[@placeholder='Last Name']\").type(\"Paramarta\");\n// Verify input data\ncy.xpath(\"//input[@placeholder='First Name']\").should(\"have.value\", \"Reza\");\ncy.xpath(\"//input[@placeholder='Middle Name']\").invoke(\"val\").then(val => expect(val.trim()).to.eq(\"\"));\ncy.xpath(\"//input[@placeholder='Last Name']\").should(\"have.value\", \"Paramarta\");\n// Input dan Get Id employee\ncy.xpath(\"//div[@class='oxd-input-group oxd-input-field-bottom-space']//div//input[@class='oxd-input oxd-input--active']\").invoke('val').should('not.be.empty').then(value => {\n  cy.log('Employee ID:', value);\n  // Verify input dan Get Id employee\n  cy.request({\n    method: 'GET',\n    url: '/web/index.php/api/v2/core/validation/unique',\n    qs: {\n      value: value,\n      entityName: 'Employee',\n      attributeName: 'employeeId'\n    },\n    failOnStatusCode: false\n  }).then(res => {\n    if (!res.body.data.valid) {\n      const newId = 'EMP' + Date.now().toString().slice(-5);\n      cy.xpath(\"//div[@class='oxd-input-group oxd-input-field-bottom-space']//div//input[@class='oxd-input oxd-input--active']\").clear().type(newId).should('have.value', newId);\n      cy.log('Updated ID:', newId);\n    }\n    cy.intercept('POST', '**/pim/employees').as('createEmployee');\n    cy.xpath(\"//button[normalize-space()='Save']\").click();\n    cy.wait('@createEmployee').then(interception => {\n      cy.log('Request:', JSON.stringify(interception.request.body));\n      cy.log('Status:', interception.response.statusCode);\n      cy.log('Response:', JSON.stringify(interception.response.body));\n      expect(interception.response.statusCode).to.eq(200);\n    });\n  });\n});\n// verify success add employee\ncy.url().should('contains', '/web/index.php/pim/viewPersonalDetails/empNumber/');",
              "err": {
                "message": "CypressError: `cy.selectFile(\"fixtures/photo.jpg\")` failed because the file does not exist at the following path:\n\n`C:\\tugas3-BasicUIAutomation\\fixtures\\photo.jpg`\n\nhttps://on.cypress.io/selectfile",
                "estack": "CypressError: `cy.selectFile(\"fixtures/photo.jpg\")` failed because the file does not exist at the following path:\n\n`C:\\tugas3-BasicUIAutomation\\fixtures\\photo.jpg`\n\nhttps://on.cypress.io/selectfile\n    at <unknown> (https://opensource-demo.orangehrmlive.com/__cypress/runner/cypress_runner.js:114657:70)\n    at tryCatcher (https://opensource-demo.orangehrmlive.com/__cypress/runner/cypress_runner.js:1777:23)\n    at Promise._settlePromiseFromHandler (https://opensource-demo.orangehrmlive.com/__cypress/runner/cypress_runner.js:1489:31)\n    at Promise._settlePromise (https://opensource-demo.orangehrmlive.com/__cypress/runner/cypress_runner.js:1546:18)\n    at Promise._settlePromise0 (https://opensource-demo.orangehrmlive.com/__cypress/runner/cypress_runner.js:1591:10)\n    at Promise._settlePromises (https://opensource-demo.orangehrmlive.com/__cypress/runner/cypress_runner.js:1667:18)\n    at _drainQueueStep (https://opensource-demo.orangehrmlive.com/__cypress/runner/cypress_runner.js:2377:12)\n    at _drainQueue (https://opensource-demo.orangehrmlive.com/__cypress/runner/cypress_runner.js:2370:9)\n    at Async._drainQueues (https://opensource-demo.orangehrmlive.com/__cypress/runner/cypress_runner.js:2386:5)\n    at Async.drainQueues (https://opensource-demo.orangehrmlive.com/__cypress/runner/cypress_runner.js:2256:14)",
                "diff": null
              },
              "uuid": "f1c1357b-9f00-433d-8e92-19cd11fe24ed",
              "parentUUID": "c383b307-1b0e-45f0-860d-289c9fca0082",
              "isHook": false,
              "skipped": false
            }
          ],
          "suites": [],
          "passes": [],
          "failures": [
            "f1c1357b-9f00-433d-8e92-19cd11fe24ed"
          ],
          "pending": [],
          "skipped": [],
          "duration": 12458,
          "root": false,
          "rootEmpty": false,
          "_timeout": 2000
        }
      ],
      "passes": [],
      "failures": [],
      "pending": [],
      "skipped": [],
      "duration": 0,
      "root": true,
      "rootEmpty": true,
      "_timeout": 2000
    }
  ],
  "meta": {
    "mocha": {
      "version": "7.2.0"
    },
    "mochawesome": {
      "options": {
        "quiet": false,
        "reportFilename": "mochawesome",
        "saveHtml": false,
        "saveJson": true,
        "consoleReporter": "spec",
        "useInlineDiffs": false,
        "code": true
      },
      "version": "7.1.3"
    },
    "marge": {
      "options": {
        "reportDir": "cypress/reports",
        "overwrite": false,
        "html": false,
        "json": true
      },
      "version": "6.2.0"
    }
  }
}