{
  "stats": {
    "suites": 1,
    "tests": 1,
    "passes": 1,
    "pending": 0,
    "failures": 0,
    "start": "2025-05-12T05:33:47.763Z",
    "end": "2025-05-12T05:34:00.103Z",
    "duration": 12340,
    "testsRegistered": 1,
    "passPercent": 100,
    "pendingPercent": 0,
    "other": 0,
    "hasOther": false,
    "skipped": 0,
    "hasSkipped": false
  },
  "results": [
    {
      "uuid": "d3a9046e-17b1-4cb9-b0e7-564f0b170cd0",
      "title": "",
      "fullFile": "cypress\\e2e\\1-OrangeHRMSuite\\orangeHRMe2e.cy.js",
      "file": "cypress\\e2e\\1-OrangeHRMSuite\\orangeHRMe2e.cy.js",
      "beforeHooks": [],
      "afterHooks": [],
      "tests": [],
      "suites": [
        {
          "uuid": "813e3589-4578-461c-8c6b-14d7b5136ec2",
          "title": "Add New Employee",
          "fullFile": "",
          "file": "",
          "beforeHooks": [],
          "afterHooks": [],
          "tests": [
            {
              "title": "Soal ke 1 - Negative Case - Login and Fail Add New Employee",
              "fullTitle": "Add New Employee Soal ke 1 - Negative Case - Login and Fail Add New Employee",
              "timedOut": null,
              "duration": 12269,
              "state": "passed",
              "speed": "slow",
              "pass": true,
              "fail": false,
              "pending": false,
              "context": null,
              "code": "cy.get(':nth-child(2) > .oxd-main-menu-item').click();\ncy.url().should('include', '/web/index.php/pim/viewEmployeeList');\ncy.wait(1000);\n// Click (+Add) button\ncy.xpath(\"//button[normalize-space()='Add']\").click();\ncy.url().should('include', '/web/index.php/pim/addEmployee');\n// Upload file\ncy.xpath(\"//input[@type='file']\").should('exist')\n//.selectFile(\"C:\\\\Users\\\\Reza Paramarta\\\\photo.jpg\", { force: true });\n.selectFile(\"cypress/fixtures/photo.jpg\", {\n  force: true\n});\n// Verify file upload\ncy.xpath(\"//input[@type='file']\").invoke('val').should('include', 'photo.jpg');\n// Input data\ncy.xpath(\"//input[@placeholder='First Name']\").type(\"Reza\");\ncy.xpath(\"//input[@placeholder='Middle Name']\").clear();\ncy.xpath(\"//input[@placeholder='Last Name']\").type(\" \");\n// Verify input data\ncy.xpath(\"//input[@placeholder='First Name']\").should(\"have.value\", \"Reza\");\ncy.xpath(\"//input[@placeholder='Middle Name']\").invoke(\"val\").then(val => expect(val.trim()).to.eq(\"\"));\ncy.xpath(\"//input[@placeholder='Last Name']\").invoke(\"val\").then(val => expect(val.trim()).to.eq(\"\"));\ncy.get('.--name-grouped-field > :nth-child(3) > .oxd-text').should('have.text', 'Required');",
              "err": {},
              "uuid": "b0526094-e1e6-440e-b010-2aab599a31ae",
              "parentUUID": "813e3589-4578-461c-8c6b-14d7b5136ec2",
              "isHook": false,
              "skipped": false
            }
          ],
          "suites": [],
          "passes": [
            "b0526094-e1e6-440e-b010-2aab599a31ae"
          ],
          "failures": [],
          "pending": [],
          "skipped": [],
          "duration": 12269,
          "root": false,
          "rootEmpty": false,
          "_timeout": 2000
        }
      ],
      "passes": [],
      "failures": [],
      "pending": [],
      "skipped": [],
      "duration": 0,
      "root": true,
      "rootEmpty": true,
      "_timeout": 2000
    }
  ],
  "meta": {
    "mocha": {
      "version": "7.2.0"
    },
    "mochawesome": {
      "options": {
        "quiet": false,
        "reportFilename": "mochawesome",
        "saveHtml": false,
        "saveJson": true,
        "consoleReporter": "spec",
        "useInlineDiffs": false,
        "code": true
      },
      "version": "7.1.3"
    },
    "marge": {
      "options": {
        "reportDir": "cypress/reports",
        "overwrite": false,
        "html": false,
        "json": true
      },
      "version": "6.2.0"
    }
  }
}