{
  "stats": {
    "suites": 1,
    "tests": 1,
    "passes": 1,
    "pending": 0,
    "failures": 0,
    "start": "2025-05-12T05:58:11.139Z",
    "end": "2025-05-12T05:58:24.906Z",
    "duration": 13767,
    "testsRegistered": 1,
    "passPercent": 100,
    "pendingPercent": 0,
    "other": 0,
    "hasOther": false,
    "skipped": 0,
    "hasSkipped": false
  },
  "results": [
    {
      "uuid": "b3e7469c-6ed4-4c62-a9ab-898342fe02e5",
      "title": "",
      "fullFile": "cypress\\e2e\\1-OrangeHRMSuite\\orangeHRMe2e.cy.js",
      "file": "cypress\\e2e\\1-OrangeHRMSuite\\orangeHRMe2e.cy.js",
      "beforeHooks": [],
      "afterHooks": [],
      "tests": [],
      "suites": [
        {
          "uuid": "817fde6c-6a47-4449-99f8-6700dc36ed9d",
          "title": "Add New Employee",
          "fullFile": "",
          "file": "",
          "beforeHooks": [],
          "afterHooks": [],
          "tests": [
            {
              "title": "Soal ke 2 : Negative Case - Fail Add Jatah Cuti",
              "fullTitle": "Add New Employee Soal ke 2 : Negative Case - Fail Add Jatah Cuti",
              "timedOut": null,
              "duration": 13713,
              "state": "passed",
              "speed": "slow",
              "pass": true,
              "fail": false,
              "pending": false,
              "context": null,
              "code": "// Ensure Leave and Click its module\ncy.xpath(\"//a[@class='oxd-main-menu-item active']\").should('be.visible');\ncy.get(':nth-child(3) > .oxd-main-menu-item').click();\n// Click Entitlements\ncy.get('.oxd-topbar-body-nav > ul > :nth-child(3)').click();\ncy.xpath(\"//a[normalize-space()='Add Entitlements']\").click();\n// Type on Employee Name*\ncy.xpath(\"//input[@placeholder='Type for hints...']\").type('r');\n// Waiting on API response\ncy.get('.oxd-autocomplete-dropdown > div').contains('saket kumar').click();\ncy.get('.oxd-autocomplete-text-input > input').invoke('val').then(value => {\n  const normalized = value.replace(/\\s+/g, ' ').trim(); // ganti spasi ganda jadi satu\n  expect(normalized).to.eq('saket kumar');\n});\n// Klik dropdown-nya\ncy.xpath(\"//label[text()='Leave Type']/ancestor::div[contains(@class,'oxd-input-group')]//div[contains(@class,'oxd-select-text')]\").click({\n  multiple: true\n});\ncy.get('.oxd-select-dropdown > div').eq(2).click();\n// Verify filled with index ke 2\ncy.xpath(\"//label[text()='Leave Type']/ancestor::div[contains(@class,'oxd-input-group')]//div[contains(@class,'oxd-select-text-input')]\").invoke('text').then(text => {\n  expect(text.trim()).to.eq('CAN - FMLA');\n});\n// Click Leave Period*\ncy.xpath(\"//div[contains(text(),'2025-01-01 - 2025-31-12')]\").click({\n  multiple: true\n});\n// Verify Leave Period filled with 2025-01-01 - 2025-31-12\ncy.xpath(\"//div[contains(text(),'2025-01-01 - 2025-31-12')]\").should('have.text', '2025-01-01 - 2025-31-12');\n// Type on Entitlement*\nlet Entitlement = 'Ablahulah';\ncy.xpath(\"//div[@class='oxd-input-group oxd-input-field-bottom-space']//div//input[@class='oxd-input oxd-input--active']\").type(Entitlement);\n// Verify Negative Test Case confirmed\ncy.get('.oxd-input-group > .oxd-text').should('have.text', 'Should be a number with upto 2 decimal places');\n// Click 'Save' Button\ncy.xpath(\"//button[normalize-space()='Save']\").click();",
              "err": {},
              "uuid": "a1df810d-cd6c-47fe-ba37-f0a547444e53",
              "parentUUID": "817fde6c-6a47-4449-99f8-6700dc36ed9d",
              "isHook": false,
              "skipped": false
            }
          ],
          "suites": [],
          "passes": [
            "a1df810d-cd6c-47fe-ba37-f0a547444e53"
          ],
          "failures": [],
          "pending": [],
          "skipped": [],
          "duration": 13713,
          "root": false,
          "rootEmpty": false,
          "_timeout": 2000
        }
      ],
      "passes": [],
      "failures": [],
      "pending": [],
      "skipped": [],
      "duration": 0,
      "root": true,
      "rootEmpty": true,
      "_timeout": 2000
    }
  ],
  "meta": {
    "mocha": {
      "version": "7.2.0"
    },
    "mochawesome": {
      "options": {
        "quiet": false,
        "reportFilename": "mochawesome",
        "saveHtml": false,
        "saveJson": true,
        "consoleReporter": "spec",
        "useInlineDiffs": false,
        "code": true
      },
      "version": "7.1.3"
    },
    "marge": {
      "options": {
        "reportDir": "cypress/reports",
        "overwrite": false,
        "html": false,
        "json": true
      },
      "version": "6.2.0"
    }
  }
}