{
  "stats": {
    "suites": 1,
    "tests": 1,
    "passes": 0,
    "pending": 0,
    "failures": 1,
    "start": "2025-05-12T05:18:00.103Z",
    "end": "2025-05-12T05:18:14.792Z",
    "duration": 14689,
    "testsRegistered": 1,
    "passPercent": 0,
    "pendingPercent": 0,
    "other": 0,
    "hasOther": false,
    "skipped": 0,
    "hasSkipped": false
  },
  "results": [
    {
      "uuid": "7c368a2f-6c91-4092-8282-0acc0a109852",
      "title": "",
      "fullFile": "cypress\\e2e\\1-OrangeHRMSuite\\orangeHRMe2e.cy.js",
      "file": "cypress\\e2e\\1-OrangeHRMSuite\\orangeHRMe2e.cy.js",
      "beforeHooks": [],
      "afterHooks": [],
      "tests": [],
      "suites": [
        {
          "uuid": "945f12e0-ff06-4f32-b5ac-b0083e671997",
          "title": "Add New Employee",
          "fullFile": "",
          "file": "",
          "beforeHooks": [],
          "afterHooks": [],
          "tests": [
            {
              "title": "Soal ke 1 - Positive Case - Login and Add New Employee",
              "fullTitle": "Add New Employee Soal ke 1 - Positive Case - Login and Add New Employee",
              "timedOut": null,
              "duration": 14658,
              "state": "failed",
              "speed": null,
              "pass": false,
              "fail": true,
              "pending": false,
              "context": null,
              "code": "cy.get(':nth-child(2) > .oxd-main-menu-item').click();\ncy.url().should('include', '/web/index.php/pim/viewEmployeeList');\ncy.wait(1000);\n// Click (+Add) button\ncy.xpath(\"//button[normalize-space()='Add']\").click();\ncy.url().should('include', '/web/index.php/pim/addEmployee');\n// Upload file\n// cy.xpath(\"//input[@type='file']\")\n//   .should('exist')\n//   .selectFile(\"C:\\\\Users\\\\Reza Paramarta\\\\photo.jpg\", { force: true });\ncy.selectFile('fixtures/photo.jpg');\n// Verify file upload\ncy.xpath(\"//input[@type='file']\").invoke('val').should('include', 'photo.jpg');\n// Input data\ncy.xpath(\"//input[@placeholder='First Name']\").type(\"Reza\");\ncy.xpath(\"//input[@placeholder='Middle Name']\").clear();\ncy.xpath(\"//input[@placeholder='Last Name']\").type(\"Paramarta\");\n// Verify input data\ncy.xpath(\"//input[@placeholder='First Name']\").should(\"have.value\", \"Reza\");\ncy.xpath(\"//input[@placeholder='Middle Name']\").invoke(\"val\").then(val => expect(val.trim()).to.eq(\"\"));\ncy.xpath(\"//input[@placeholder='Last Name']\").should(\"have.value\", \"Paramarta\");\n// Input dan Get Id employee\ncy.xpath(\"//div[@class='oxd-input-group oxd-input-field-bottom-space']//div//input[@class='oxd-input oxd-input--active']\").invoke('val').should('not.be.empty').then(value => {\n  cy.log('Employee ID:', value);\n  // Verify input dan Get Id employee\n  cy.request({\n    method: 'GET',\n    url: '/web/index.php/api/v2/core/validation/unique',\n    qs: {\n      value: value,\n      entityName: 'Employee',\n      attributeName: 'employeeId'\n    },\n    failOnStatusCode: false\n  }).then(res => {\n    if (!res.body.data.valid) {\n      const newId = 'EMP' + Date.now().toString().slice(-5);\n      cy.xpath(\"//div[@class='oxd-input-group oxd-input-field-bottom-space']//div//input[@class='oxd-input oxd-input--active']\").clear().type(newId).should('have.value', newId);\n      cy.log('Updated ID:', newId);\n    }\n    cy.intercept('POST', '**/pim/employees').as('createEmployee');\n    cy.xpath(\"//button[normalize-space()='Save']\").click();\n    cy.wait('@createEmployee').then(interception => {\n      cy.log('Request:', JSON.stringify(interception.request.body));\n      cy.log('Status:', interception.response.statusCode);\n      cy.log('Response:', JSON.stringify(interception.response.body));\n      expect(interception.response.statusCode).to.eq(200);\n    });\n  });\n});\n// verify success add employee\ncy.url().should('contains', '/web/index.php/pim/viewPersonalDetails/empNumber/');",
              "err": {
                "message": "CypressError: Oops, it looks like you are trying to call a child command before running a parent command.\n\nYou wrote code that looks like this:\n\n``cy.selectFile(\"fixtures/photo.jpg\")``\n\nA child command must be chained after a parent because it operates on a previous subject.\n\nFor example - if we were issuing the child command `click`...\n\ncy\n  .get('button') // parent command must come first\n  .click()       // then child command comes second",
                "estack": "CypressError: Oops, it looks like you are trying to call a child command before running a parent command.\n\nYou wrote code that looks like this:\n\n``cy.selectFile(\"fixtures/photo.jpg\")``\n\nA child command must be chained after a parent because it operates on a previous subject.\n\nFor example - if we were issuing the child command `click`...\n\ncy\n  .get('button') // parent command must come first\n  .click()       // then child command comes second\n    at $Cy.validateFirstCall (https://opensource-demo.orangehrmlive.com/__cypress/runner/cypress_runner.js:140598:60)\n    at wrapped (https://opensource-demo.orangehrmlive.com/__cypress/runner/cypress_runner.js:140170:14)\n    at <unknown> (https://opensource-demo.orangehrmlive.com/__cypress/runner/cypress_runner.js:146118:15)\n    at tryCatcher (https://opensource-demo.orangehrmlive.com/__cypress/runner/cypress_runner.js:1777:23)\n    at Promise._settlePromiseFromHandler (https://opensource-demo.orangehrmlive.com/__cypress/runner/cypress_runner.js:1489:31)\n    at Promise._settlePromise (https://opensource-demo.orangehrmlive.com/__cypress/runner/cypress_runner.js:1546:18)\n    at Promise._settlePromiseCtx (https://opensource-demo.orangehrmlive.com/__cypress/runner/cypress_runner.js:1583:10)\n    at _drainQueueStep (https://opensource-demo.orangehrmlive.com/__cypress/runner/cypress_runner.js:2381:12)\n    at _drainQueue (https://opensource-demo.orangehrmlive.com/__cypress/runner/cypress_runner.js:2370:9)\n    at Async._drainQueues (https://opensource-demo.orangehrmlive.com/__cypress/runner/cypress_runner.js:2386:5)\n    at Async.drainQueues (https://opensource-demo.orangehrmlive.com/__cypress/runner/cypress_runner.js:2256:14)",
                "diff": null
              },
              "uuid": "afabf49c-8ea2-461b-9614-35990c8b2b54",
              "parentUUID": "945f12e0-ff06-4f32-b5ac-b0083e671997",
              "isHook": false,
              "skipped": false
            }
          ],
          "suites": [],
          "passes": [],
          "failures": [
            "afabf49c-8ea2-461b-9614-35990c8b2b54"
          ],
          "pending": [],
          "skipped": [],
          "duration": 14658,
          "root": false,
          "rootEmpty": false,
          "_timeout": 2000
        }
      ],
      "passes": [],
      "failures": [],
      "pending": [],
      "skipped": [],
      "duration": 0,
      "root": true,
      "rootEmpty": true,
      "_timeout": 2000
    }
  ],
  "meta": {
    "mocha": {
      "version": "7.2.0"
    },
    "mochawesome": {
      "options": {
        "quiet": false,
        "reportFilename": "mochawesome",
        "saveHtml": false,
        "saveJson": true,
        "consoleReporter": "spec",
        "useInlineDiffs": false,
        "code": true
      },
      "version": "7.1.3"
    },
    "marge": {
      "options": {
        "reportDir": "cypress/reports",
        "overwrite": false,
        "html": false,
        "json": true
      },
      "version": "6.2.0"
    }
  }
}